# JRE version: OpenJDK Runtime Environment (11.0.9.1) (build 11.0.9.1-internal+0-adhoc..src)
# Java VM: OpenJDK 64-Bit Server VM (11.0.9.1-internal+0-adhoc..src, mixed mode, tiered, g1 gc, linux-amd64)
Heap:
 garbage-first heap   total 2097152K, used 880297K [0x00007f8b23000000, 0x00007f9a28000000)
  region size 8192K, 107 young (876544K), 7 survivors (57344K)
 Metaspace       used 7742K, capacity 7793K, committed 7936K, reserved 8192K
GC Heap History (11 events):
Event: 2.637 GC heap before
{Heap before GC invocations=0 (full 0):
 garbage-first heap   total 2097152K, used 98304K [0x00007f8b23000000, 0x00007f9a28000000)
  region size 8192K, 12 young (98304K), 0 survivors (0K)
 Metaspace       used 7697K, capacity 7793K, committed 7936K, reserved 8192K
}
Event: 2.694 GC heap after
{Heap after GC invocations=1 (full 0):
 garbage-first heap   total 2097152K, used 27291K [0x00007f8b23000000, 0x00007f9a28000000)
  region size 8192K, 2 young (16384K), 2 survivors (16384K)
 Metaspace       used 7697K, capacity 7793K, committed 7936K, reserved 8192K
}
Event: 3.409 GC heap before
{Heap before GC invocations=1 (full 0):
 garbage-first heap   total 2097152K, used 109211K [0x00007f8b23000000, 0x00007f9a28000000)
  region size 8192K, 12 young (98304K), 2 survivors (16384K)
 Metaspace       used 7730K, capacity 7793K, committed 7936K, reserved 8192K
}
Event: 3.414 GC heap after
{Heap after GC invocations=2 (full 0):
 garbage-first heap   total 2097152K, used 35730K [0x00007f8b23000000, 0x00007f9a28000000)
  region size 8192K, 2 young (16384K), 2 survivors (16384K)
 Metaspace       used 7730K, capacity 7793K, committed 7936K, reserved 8192K
}
Event: 4.116 GC heap before
{Heap before GC invocations=2 (full 0):
 garbage-first heap   total 2097152K, used 117650K [0x00007f8b23000000, 0x00007f9a28000000)
  region size 8192K, 12 young (98304K), 2 survivors (16384K)
 Metaspace       used 7730K, capacity 7793K, committed 7936K, reserved 8192K
}
Event: 4.125 GC heap after
{Heap after GC invocations=3 (full 0):
 garbage-first heap   total 2097152K, used 37752K [0x00007f8b23000000, 0x00007f9a28000000)
  region size 8192K, 2 young (16384K), 2 survivors (16384K)
 Metaspace       used 7730K, capacity 7793K, committed 7936K, reserved 8192K
}
Event: 5.343 GC heap before
{Heap before GC invocations=3 (full 0):
 garbage-first heap   total 2097152K, used 144248K [0x00007f8b23000000, 0x00007f9a28000000)
  region size 8192K, 15 young (122880K), 2 survivors (16384K)
 Metaspace       used 7742K, capacity 7793K, committed 7936K, reserved 8192K
}
Event: 5.350 GC heap after
{Heap after GC invocations=4 (full 0):
 garbage-first heap   total 2097152K, used 40426K [0x00007f8b23000000, 0x00007f9a28000000)
  region size 8192K, 2 young (16384K), 2 survivors (16384K)
 Metaspace       used 7742K, capacity 7793K, committed 7936K, reserved 8192K
}
Event: 12.744 GC heap before
{Heap before GC invocations=4 (full 0):
 garbage-first heap   total 2097152K, used 622058K [0x00007f8b23000000, 0x00007f9a28000000)
  region size 8192K, 73 young (598016K), 2 survivors (16384K)
 Metaspace       used 7742K, capacity 7793K, committed 7936K, reserved 8192K
}
Event: 12.765 GC heap after
{Heap after GC invocations=5 (full 0):
 garbage-first heap   total 2097152K, used 61097K [0x00007f8b23000000, 0x00007f9a28000000)
  region size 8192K, 4 young (32768K), 4 survivors (32768K)
 Metaspace       used 7742K, capacity 7793K, committed 7936K, reserved 8192K
}
Event: 23.503 GC heap before
{Heap before GC invocations=5 (full 0):
 garbage-first heap   total 2097152K, used 880297K [0x00007f8b23000000, 0x00007f9a28000000)
  region size 8192K, 104 young (851968K), 4 survivors (32768K)
 Metaspace       used 7742K, capacity 7793K, committed 7936K, reserved 8192K
}

